<?xml version="1.0" encoding="UTF-8"?>
<!-- Generated by org.testng.reporters.JUnitXMLReporter -->
<testsuite ignored="0" hostname="KTL-PC-0016-PRECIOUS" failures="1" tests="1" name="Test" time="12.176" errors="0" timestamp="2025-02-21T10:37:27 WAT">
  <testcase classname="testCases.TC003_LoginDDT" name="verify_loginDDT" time="0.0">
    <failure type="org.testng.TestNGException" message="
Method public void testCases.TC003_LoginDDT.verify_loginDDT(java.lang.String,java.lang.String,java.lang.String) requires a @DataProvider named : Logindata in class utilities.DataProviders">
      <![CDATA[org.testng.TestNGException: 
Method public void testCases.TC003_LoginDDT.verify_loginDDT(java.lang.String,java.lang.String,java.lang.String) requires a @DataProvider named : Logindata in class utilities.DataProviders
at java.base/java.util.ArrayList.forEach(ArrayList.java:1597)
... Removed 24 stack frames]]>
    </failure>
  </testcase> <!-- verify_loginDDT -->
</testsuite> <!-- Test -->
